25-12-04.22:10:01.483 [main            ] WARN  DuplicateJsonObjectContextCustomizerFactory$DuplicateJsonObjectContextCustomizer - 

Found multiple occurrences of org.json.JSONObject on the class path:

	jar:file:/Users/mac/.m2/repository/com/vaadin/external/google/android-json/0.0.20131108.vaadin1/android-json-0.0.20131108.vaadin1.jar!/org/json/JSONObject.class
	jar:file:/Users/mac/.m2/repository/org/json/json/20231013/json-20231013.jar!/org/json/JSONObject.class

You may wish to exclude one of them to ensure predictable runtime behavior

25-12-04.22:10:03.958 [main            ] WARN  DnsServerAddressStreamProviders - Can not find io.netty.resolver.dns.macos.MacOSDnsServerAddressStreamProvider in the classpath, fallback to system defaults. This may result in incorrect DNS resolutions on MacOS. Check whether you have a dependency on 'io.netty:netty-resolver-dns-native-macos'
25-12-04.22:10:31.100 [main            ] WARN  DuplicateJsonObjectContextCustomizerFactory$DuplicateJsonObjectContextCustomizer - 

Found multiple occurrences of org.json.JSONObject on the class path:

	jar:file:/Users/mac/.m2/repository/com/vaadin/external/google/android-json/0.0.20131108.vaadin1/android-json-0.0.20131108.vaadin1.jar!/org/json/JSONObject.class
	jar:file:/Users/mac/.m2/repository/org/json/json/20231013/json-20231013.jar!/org/json/JSONObject.class

You may wish to exclude one of them to ensure predictable runtime behavior

25-12-04.22:10:32.431 [main            ] WARN  DnsServerAddressStreamProviders - Can not find io.netty.resolver.dns.macos.MacOSDnsServerAddressStreamProvider in the classpath, fallback to system defaults. This may result in incorrect DNS resolutions on MacOS. Check whether you have a dependency on 'io.netty:netty-resolver-dns-native-macos'
25-12-04.22:11:53.953 [main            ] WARN  DuplicateJsonObjectContextCustomizerFactory$DuplicateJsonObjectContextCustomizer - 

Found multiple occurrences of org.json.JSONObject on the class path:

	jar:file:/Users/mac/.m2/repository/com/vaadin/external/google/android-json/0.0.20131108.vaadin1/android-json-0.0.20131108.vaadin1.jar!/org/json/JSONObject.class
	jar:file:/Users/mac/.m2/repository/org/json/json/20231013/json-20231013.jar!/org/json/JSONObject.class

You may wish to exclude one of them to ensure predictable runtime behavior

25-12-04.22:11:55.359 [main            ] WARN  DnsServerAddressStreamProviders - Can not find io.netty.resolver.dns.macos.MacOSDnsServerAddressStreamProvider in the classpath, fallback to system defaults. This may result in incorrect DNS resolutions on MacOS. Check whether you have a dependency on 'io.netty:netty-resolver-dns-native-macos'
25-12-04.22:13:07.095 [main            ] WARN  DuplicateJsonObjectContextCustomizerFactory$DuplicateJsonObjectContextCustomizer - 

Found multiple occurrences of org.json.JSONObject on the class path:

	jar:file:/Users/mac/.m2/repository/com/vaadin/external/google/android-json/0.0.20131108.vaadin1/android-json-0.0.20131108.vaadin1.jar!/org/json/JSONObject.class
	jar:file:/Users/mac/.m2/repository/org/json/json/20231013/json-20231013.jar!/org/json/JSONObject.class

You may wish to exclude one of them to ensure predictable runtime behavior

25-12-04.22:13:08.452 [main            ] WARN  DnsServerAddressStreamProviders - Can not find io.netty.resolver.dns.macos.MacOSDnsServerAddressStreamProvider in the classpath, fallback to system defaults. This may result in incorrect DNS resolutions on MacOS. Check whether you have a dependency on 'io.netty:netty-resolver-dns-native-macos'
25-12-04.22:13:13.640 [redisson-netty-1-16] WARN  DNSMonitor             - Use Redisson PRO version (https://redisson.pro) with Proxy mode feature to utilize all ip addresses: [redis://127.0.0.1:6379, redis://0:0:0:0:0:0:0:1:6379] resolved by: redis://localhost:6379
